MemoryMaster/app/build/intermediates/manifest_merge_blame_file/debug/manifest-merger-blame-debug-report.txt
1<?xml version="1.0" encoding="utf-8"?>
2<manifest xmlns:android="http://schemas.android.com/apk/res/android"
3    package="com.hdg.yazlab"
4    android:versionCode="1"
5    android:versionName="1.0" >
6
7    <uses-sdk
8        android:minSdkVersion="21"
8-->src\main\AndroidManifest.xml
9        android:targetSdkVersion="32" />
9-->src\main\AndroidManifest.xml
10
11    <uses-permission android:name="android.permission.INTERNET" />
11-->[com.google.firebase:firebase-auth:21.1.0] AndroidManifest.xml:23:5-67
11-->[com.google.firebase:firebase-auth:21.1.0] AndroidManifest.xml:23:22-64
12    <uses-permission android:name="android.permission.ACCESS_NETWORK_STATE" />
12-->[com.google.firebase:firebase-auth:21.1.0] AndroidManifest.xml:24:5-79
12-->[com.google.firebase:firebase-auth:21.1.0] AndroidManifest.xml:24:22-76
13
14    <application
14-->src\main\AndroidManifest.xml:5:5-100:19
15        android:allowBackup="true"
15-->src\main\AndroidManifest.xml:6:9-35
16        android:appComponentFactory="androidx.core.app.CoreComponentFactory"
16-->[androidx.core:core:1.8.0] AndroidManifest.xml:24:18-86
17        android:dataExtractionRules="@xml/data_extraction_rules"
17-->src\main\AndroidManifest.xml:7:9-65
18        android:debuggable="true"
19        android:fullBackupContent="@xml/backup_rules"
19-->src\main\AndroidManifest.xml:8:9-54
20        android:icon="@mipmap/ic_launcher"
20-->src\main\AndroidManifest.xml:9:9-43
21        android:label="@string/app_name"
21-->src\main\AndroidManifest.xml:10:9-41
22        android:roundIcon="@mipmap/ic_launcher_round"
22-->src\main\AndroidManifest.xml:11:9-54
23        android:supportsRtl="true"
23-->src\main\AndroidManifest.xml:12:9-35
24        android:testOnly="true"
25        android:theme="@style/Theme.Yazlab" >
25-->src\main\AndroidManifest.xml:13:9-44
26        <activity
26-->src\main\AndroidManifest.xml:15:9-22:20
27            android:name="com.hdg.yazlab.gameActivity66"
27-->src\main\AndroidManifest.xml:16:13-43
28            android:exported="false"
28-->src\main\AndroidManifest.xml:18:13-37
29            android:parentActivityName="com.hdg.yazlab.choiceActivity" >
29-->src\main\AndroidManifest.xml:17:13-57
30            <meta-data
30-->src\main\AndroidManifest.xml:19:13-21:36
31                android:name="android.app.lib_name"
31-->src\main\AndroidManifest.xml:20:17-52
32                android:value="" />
32-->src\main\AndroidManifest.xml:21:17-33
33        </activity>
34        <activity
34-->src\main\AndroidManifest.xml:23:9-30:20
35            android:name="com.hdg.yazlab.gameActivity6"
35-->src\main\AndroidManifest.xml:24:13-42
36            android:exported="false"
36-->src\main\AndroidManifest.xml:26:13-37
37            android:parentActivityName="com.hdg.yazlab.choiceActivity" >
37-->src\main\AndroidManifest.xml:25:13-57
38            <meta-data
38-->src\main\AndroidManifest.xml:19:13-21:36
39                android:name="android.app.lib_name"
39-->src\main\AndroidManifest.xml:20:17-52
40                android:value="" />
40-->src\main\AndroidManifest.xml:21:17-33
41        </activity>
42        <activity
42-->src\main\AndroidManifest.xml:31:9-38:20
43            android:name="com.hdg.yazlab.gameActivity44"
43-->src\main\AndroidManifest.xml:32:13-43
44            android:exported="false"
44-->src\main\AndroidManifest.xml:34:13-37
45            android:parentActivityName="com.hdg.yazlab.choiceActivity" >
45-->src\main\AndroidManifest.xml:33:13-57
46            <meta-data
46-->src\main\AndroidManifest.xml:19:13-21:36
47                android:name="android.app.lib_name"
47-->src\main\AndroidManifest.xml:20:17-52
48                android:value="" />
48-->src\main\AndroidManifest.xml:21:17-33
49        </activity>
50        <activity
50-->src\main\AndroidManifest.xml:39:9-46:20
51            android:name="com.hdg.yazlab.gameActivity4"
51-->src\main\AndroidManifest.xml:40:13-42
52            android:exported="false"
52-->src\main\AndroidManifest.xml:42:13-37
53            android:parentActivityName="com.hdg.yazlab.choiceActivity" >
53-->src\main\AndroidManifest.xml:41:13-57
54            <meta-data
54-->src\main\AndroidManifest.xml:19:13-21:36
55                android:name="android.app.lib_name"
55-->src\main\AndroidManifest.xml:20:17-52
56                android:value="" />
56-->src\main\AndroidManifest.xml:21:17-33
57        </activity>
58        <activity
58-->src\main\AndroidManifest.xml:47:9-54:20
59            android:name="com.hdg.yazlab.gameActivity2"
59-->src\main\AndroidManifest.xml:48:13-42
60            android:exported="false"
60-->src\main\AndroidManifest.xml:50:13-37
61            android:parentActivityName="com.hdg.yazlab.choiceActivity" >
61-->src\main\AndroidManifest.xml:49:13-57
62            <meta-data
62-->src\main\AndroidManifest.xml:19:13-21:36
63                android:name="android.app.lib_name"
63-->src\main\AndroidManifest.xml:20:17-52
64                android:value="" />
64-->src\main\AndroidManifest.xml:21:17-33
65        </activity>
66        <activity
66-->src\main\AndroidManifest.xml:55:9-62:20
67            android:name="com.hdg.yazlab.choiceActivity"
67-->src\main\AndroidManifest.xml:56:13-43
68            android:exported="false"
68-->src\main\AndroidManifest.xml:58:13-37
69            android:parentActivityName="com.hdg.yazlab.girisActivity" >
69-->src\main\AndroidManifest.xml:57:13-56
70            <meta-data
70-->src\main\AndroidManifest.xml:19:13-21:36
71                android:name="android.app.lib_name"
71-->src\main\AndroidManifest.xml:20:17-52
72                android:value="" />
72-->src\main\AndroidManifest.xml:21:17-33
73        </activity>
74        <activity
74-->src\main\AndroidManifest.xml:63:9-70:20
75            android:name="com.hdg.yazlab.changepasswordActivity"
75-->src\main\AndroidManifest.xml:64:13-51
76            android:exported="false"
76-->src\main\AndroidManifest.xml:66:13-37
77            android:parentActivityName="com.hdg.yazlab.MainActivity" >
77-->src\main\AndroidManifest.xml:65:13-55
78            <meta-data
78-->src\main\AndroidManifest.xml:19:13-21:36
79                android:name="android.app.lib_name"
79-->src\main\AndroidManifest.xml:20:17-52
80                android:value="" />
80-->src\main\AndroidManifest.xml:21:17-33
81        </activity>
82        <activity
82-->src\main\AndroidManifest.xml:71:9-78:20
83            android:name="com.hdg.yazlab.gameActivity22"
83-->src\main\AndroidManifest.xml:72:13-43
84            android:exported="false"
84-->src\main\AndroidManifest.xml:74:13-37
85            android:parentActivityName="com.hdg.yazlab.choiceActivity" >
85-->src\main\AndroidManifest.xml:73:13-57
86            <meta-data
86-->src\main\AndroidManifest.xml:19:13-21:36
87                android:name="android.app.lib_name"
87-->src\main\AndroidManifest.xml:20:17-52
88                android:value="" />
88-->src\main\AndroidManifest.xml:21:17-33
89        </activity>
90        <activity
90-->src\main\AndroidManifest.xml:79:9-86:20
91            android:name="com.hdg.yazlab.girisActivity"
91-->src\main\AndroidManifest.xml:80:13-42
92            android:exported="false"
92-->src\main\AndroidManifest.xml:82:13-37
93            android:parentActivityName="com.hdg.yazlab.MainActivity" >
93-->src\main\AndroidManifest.xml:81:13-55
94            <meta-data
94-->src\main\AndroidManifest.xml:19:13-21:36
95                android:name="android.app.lib_name"
95-->src\main\AndroidManifest.xml:20:17-52
96                android:value="" />
96-->src\main\AndroidManifest.xml:21:17-33
97        </activity>
98        <activity
98-->src\main\AndroidManifest.xml:87:9-99:20
99            android:name="com.hdg.yazlab.MainActivity"
99-->src\main\AndroidManifest.xml:88:13-41
100            android:exported="true" >
100-->src\main\AndroidManifest.xml:89:13-36
101            <intent-filter>
101-->src\main\AndroidManifest.xml:90:13-94:29
102                <action android:name="android.intent.action.MAIN" />
102-->src\main\AndroidManifest.xml:91:17-69
102-->src\main\AndroidManifest.xml:91:25-66
103
104                <category android:name="android.intent.category.LAUNCHER" />
104-->src\main\AndroidManifest.xml:93:17-77
104-->src\main\AndroidManifest.xml:93:27-74
105            </intent-filter>
106
107            <meta-data
107-->src\main\AndroidManifest.xml:19:13-21:36
108                android:name="android.app.lib_name"
108-->src\main\AndroidManifest.xml:20:17-52
109                android:value="" />
109-->src\main\AndroidManifest.xml:21:17-33
110        </activity>
111        <activity
111-->[com.google.firebase:firebase-auth:21.1.0] AndroidManifest.xml:27:9-44:20
112            android:name="com.google.firebase.auth.internal.GenericIdpActivity"
112-->[com.google.firebase:firebase-auth:21.1.0] AndroidManifest.xml:28:13-80
113            android:excludeFromRecents="true"
113-->[com.google.firebase:firebase-auth:21.1.0] AndroidManifest.xml:29:13-46
114            android:exported="true"
114-->[com.google.firebase:firebase-auth:21.1.0] AndroidManifest.xml:30:13-36
115            android:launchMode="singleTask"
115-->[com.google.firebase:firebase-auth:21.1.0] AndroidManifest.xml:31:13-44
116            android:theme="@android:style/Theme.Translucent.NoTitleBar" >
116-->[com.google.firebase:firebase-auth:21.1.0] AndroidManifest.xml:32:13-72
117            <intent-filter>
117-->[com.google.firebase:firebase-auth:21.1.0] AndroidManifest.xml:33:13-43:29
118                <action android:name="android.intent.action.VIEW" />
118-->[com.google.firebase:firebase-auth:21.1.0] AndroidManifest.xml:34:17-69
118-->[com.google.firebase:firebase-auth:21.1.0] AndroidManifest.xml:34:25-66
119
120                <category android:name="android.intent.category.DEFAULT" />
120-->[com.google.firebase:firebase-auth:21.1.0] AndroidManifest.xml:36:17-76
120-->[com.google.firebase:firebase-auth:21.1.0] AndroidManifest.xml:36:27-73
121                <category android:name="android.intent.category.BROWSABLE" />
121-->[com.google.firebase:firebase-auth:21.1.0] AndroidManifest.xml:37:17-78
121-->[com.google.firebase:firebase-auth:21.1.0] AndroidManifest.xml:37:27-75
122
123                <data
123-->[com.google.firebase:firebase-auth:21.1.0] AndroidManifest.xml:39:17-42:51
124                    android:host="firebase.auth"
124-->[com.google.firebase:firebase-auth:21.1.0] AndroidManifest.xml:40:21-49
125                    android:path="/"
125-->[com.google.firebase:firebase-auth:21.1.0] AndroidManifest.xml:41:21-37
126                    android:scheme="genericidp" />
126-->[com.google.firebase:firebase-auth:21.1.0] AndroidManifest.xml:42:21-48
127            </intent-filter>
128        </activity>
129        <activity
129-->[com.google.firebase:firebase-auth:21.1.0] AndroidManifest.xml:45:9-62:20
130            android:name="com.google.firebase.auth.internal.RecaptchaActivity"
130-->[com.google.firebase:firebase-auth:21.1.0] AndroidManifest.xml:46:13-79
131            android:excludeFromRecents="true"
131-->[com.google.firebase:firebase-auth:21.1.0] AndroidManifest.xml:47:13-46
132            android:exported="true"
132-->[com.google.firebase:firebase-auth:21.1.0] AndroidManifest.xml:48:13-36
133            android:launchMode="singleTask"
133-->[com.google.firebase:firebase-auth:21.1.0] AndroidManifest.xml:49:13-44
134            android:theme="@android:style/Theme.Translucent.NoTitleBar" >
134-->[com.google.firebase:firebase-auth:21.1.0] AndroidManifest.xml:50:13-72
135            <intent-filter>
135-->[com.google.firebase:firebase-auth:21.1.0] AndroidManifest.xml:51:13-61:29
136                <action android:name="android.intent.action.VIEW" />
136-->[com.google.firebase:firebase-auth:21.1.0] AndroidManifest.xml:34:17-69
136-->[com.google.firebase:firebase-auth:21.1.0] AndroidManifest.xml:34:25-66
137
138                <category android:name="android.intent.category.DEFAULT" />
138-->[com.google.firebase:firebase-auth:21.1.0] AndroidManifest.xml:36:17-76
138-->[com.google.firebase:firebase-auth:21.1.0] AndroidManifest.xml:36:27-73
139                <category android:name="android.intent.category.BROWSABLE" />
139-->[com.google.firebase:firebase-auth:21.1.0] AndroidManifest.xml:37:17-78
139-->[com.google.firebase:firebase-auth:21.1.0] AndroidManifest.xml:37:27-75
140
141                <data
141-->[com.google.firebase:firebase-auth:21.1.0] AndroidManifest.xml:39:17-42:51
142                    android:host="firebase.auth"
142-->[com.google.firebase:firebase-auth:21.1.0] AndroidManifest.xml:40:21-49
143                    android:path="/"
143-->[com.google.firebase:firebase-auth:21.1.0] AndroidManifest.xml:41:21-37
144                    android:scheme="recaptcha" />
144-->[com.google.firebase:firebase-auth:21.1.0] AndroidManifest.xml:42:21-48
145            </intent-filter>
146        </activity>
147
148        <service
148-->[com.google.firebase:firebase-auth:21.1.0] AndroidManifest.xml:64:9-70:19
149            android:name="com.google.firebase.components.ComponentDiscoveryService"
149-->[com.google.firebase:firebase-auth:21.1.0] AndroidManifest.xml:65:13-84
150            android:directBootAware="true"
150-->[com.google.firebase:firebase-common:20.2.0] AndroidManifest.xml:34:13-43
151            android:exported="false" >
151-->[com.google.firebase:firebase-auth:21.1.0] AndroidManifest.xml:66:13-37
152            <meta-data
152-->[com.google.firebase:firebase-auth:21.1.0] AndroidManifest.xml:67:13-69:85
153                android:name="com.google.firebase.components:com.google.firebase.auth.FirebaseAuthRegistrar"
153-->[com.google.firebase:firebase-auth:21.1.0] AndroidManifest.xml:68:17-109
154                android:value="com.google.firebase.components.ComponentRegistrar" />
154-->[com.google.firebase:firebase-auth:21.1.0] AndroidManifest.xml:69:17-82
155            <meta-data
155-->[com.google.firebase:firebase-firestore:24.4.1] AndroidManifest.xml:19:13-21:85
156                android:name="com.google.firebase.components:com.google.firebase.firestore.FirestoreRegistrar"
156-->[com.google.firebase:firebase-firestore:24.4.1] AndroidManifest.xml:20:17-111
157                android:value="com.google.firebase.components.ComponentRegistrar" />
157-->[com.google.firebase:firebase-firestore:24.4.1] AndroidManifest.xml:21:17-82
158        </service>
159
160        <provider
160-->[com.google.firebase:firebase-common:20.2.0] AndroidManifest.xml:25:9-30:39
161            android:name="com.google.firebase.provider.FirebaseInitProvider"
161-->[com.google.firebase:firebase-common:20.2.0] AndroidManifest.xml:26:13-77
162            android:authorities="com.hdg.yazlab.firebaseinitprovider"
162-->[com.google.firebase:firebase-common:20.2.0] AndroidManifest.xml:27:13-72
163            android:directBootAware="true"
163-->[com.google.firebase:firebase-common:20.2.0] AndroidManifest.xml:28:13-43
164            android:exported="false"
164-->[com.google.firebase:firebase-common:20.2.0] AndroidManifest.xml:29:13-37
165            android:initOrder="100" />
165-->[com.google.firebase:firebase-common:20.2.0] AndroidManifest.xml:30:13-36
166
167        <activity
167-->[com.google.android.gms:play-services-base:18.0.1] AndroidManifest.xml:20:9-22:45
168            android:name="com.google.android.gms.common.api.GoogleApiActivity"
168-->[com.google.android.gms:play-services-base:18.0.1] AndroidManifest.xml:20:19-85
169            android:exported="false"
169-->[com.google.android.gms:play-services-base:18.0.1] AndroidManifest.xml:22:19-43
170            android:theme="@android:style/Theme.Translucent.NoTitleBar" />
170-->[com.google.android.gms:play-services-base:18.0.1] AndroidManifest.xml:21:19-78
171
172        <meta-data
172-->[com.google.android.gms:play-services-basement:18.1.0] AndroidManifest.xml:21:9-23:69
173            android:name="com.google.android.gms.version"
173-->[com.google.android.gms:play-services-basement:18.1.0] AndroidManifest.xml:22:13-58
174            android:value="@integer/google_play_services_version" />
174-->[com.google.android.gms:play-services-basement:18.1.0] AndroidManifest.xml:23:13-66
175
176        <provider
176-->[androidx.emoji2:emoji2:1.2.0] AndroidManifest.xml:24:9-32:20
177            android:name="androidx.startup.InitializationProvider"
177-->[androidx.emoji2:emoji2:1.2.0] AndroidManifest.xml:25:13-67
178            android:authorities="com.hdg.yazlab.androidx-startup"
178-->[androidx.emoji2:emoji2:1.2.0] AndroidManifest.xml:26:13-68
179            android:exported="false" >
179-->[androidx.emoji2:emoji2:1.2.0] AndroidManifest.xml:27:13-37
180            <meta-data
180-->[androidx.emoji2:emoji2:1.2.0] AndroidManifest.xml:29:13-31:52
181                android:name="androidx.emoji2.text.EmojiCompatInitializer"
181-->[androidx.emoji2:emoji2:1.2.0] AndroidManifest.xml:30:17-75
182                android:value="androidx.startup" />
182-->[androidx.emoji2:emoji2:1.2.0] AndroidManifest.xml:31:17-49
183            <meta-data
183-->[androidx.lifecycle:lifecycle-process:2.4.1] AndroidManifest.xml:31:13-33:52
184                android:name="androidx.lifecycle.ProcessLifecycleInitializer"
184-->[androidx.lifecycle:lifecycle-process:2.4.1] AndroidManifest.xml:32:17-78
185                android:value="androidx.startup" />
185-->[androidx.lifecycle:lifecycle-process:2.4.1] AndroidManifest.xml:33:17-49
186        </provider>
187    </application>
188
189</manifest>